<?xml version="1.0" encoding="UTF-8"?>
<testng-results ignored="0" total="3" passed="2" failed="0" skipped="1">
  <reporter-output>
  </reporter-output>
  <suite started-at="2022-08-15T22:45:49 IST" name="Suite" finished-at="2022-08-15T22:46:21 IST" duration-ms="32041">
    <groups>
      <group name="regressionTest">
        <method signature="ProductTest.createProduct()[pri:0, instance:com.crm.sdet.product.ProductTest@3a44431a]" name="createProduct" class="com.crm.sdet.product.ProductTest"/>
      </group> <!-- regressionTest -->
      <group name="smokeTest">
        <method signature="CreateOrganisationTest.createOrganisation()[pri:0, instance:com.crm.sdet.organisation.CreateOrganisationTest@56cdfb3b]" name="createOrganisation" class="com.crm.sdet.organisation.CreateOrganisationTest"/>
        <method signature="CampaignTest.createCampaign()[pri:0, instance:com.crm.sdet.campaign.CampaignTest@53ce1329]" name="createCampaign" class="com.crm.sdet.campaign.CampaignTest"/>
      </group> <!-- smokeTest -->
    </groups>
    <test started-at="2022-08-15T22:45:49 IST" name="Test3" finished-at="2022-08-15T22:45:50 IST" duration-ms="178">
      <class name="com.crm.sdet.campaign.CampaignTest">
        <test-method is-config="true" signature="BS()[pri:0, instance:com.crm.sdet.campaign.CampaignTest@53ce1329]" started-at="2022-08-15T22:45:49 IST" name="BS" finished-at="2022-08-15T22:45:49 IST" duration-ms="8" status="PASS">
          <reporter-output>
          </reporter-output>
        </test-method> <!-- BS -->
        <test-method is-config="true" signature="BT()[pri:0, instance:com.crm.sdet.campaign.CampaignTest@53ce1329]" started-at="2022-08-15T22:45:49 IST" name="BT" finished-at="2022-08-15T22:45:49 IST" duration-ms="1" status="PASS">
          <reporter-output>
          </reporter-output>
        </test-method> <!-- BT -->
        <test-method is-config="true" signature="BC(java.lang.String)[pri:0, instance:com.crm.sdet.campaign.CampaignTest@53ce1329]" started-at="2022-08-15T22:45:49 IST" name="BC" finished-at="2022-08-15T22:45:49 IST" duration-ms="14" status="FAIL">
          <params>
            <param index="0">
              <value>
                <![CDATA[opera]]>
              </value>
            </param>
          </params>
          <exception class="java.lang.NullPointerException">
            <message>
              <![CDATA[Cannot invoke "org.openqa.selenium.WebDriver.manage()" because "driver" is null]]>
            </message>
            <full-stacktrace>
              <![CDATA[java.lang.NullPointerException: Cannot invoke "org.openqa.selenium.WebDriver.manage()" because "driver" is null
at com.crm.Generic_Utility.WebDriverUtility.WaitForPageToLaod(WebDriverUtility.java:28)
at com.crm.Generic_Utility.BaseClass.BC(BaseClass.java:54)
at java.base/jdk.internal.reflect.NativeMethodAccessorImpl.invoke0(Native Method)
at java.base/jdk.internal.reflect.NativeMethodAccessorImpl.invoke(NativeMethodAccessorImpl.java:78)
at java.base/jdk.internal.reflect.DelegatingMethodAccessorImpl.invoke(DelegatingMethodAccessorImpl.java:43)
at java.base/java.lang.reflect.Method.invoke(Method.java:567)
at org.testng.internal.MethodInvocationHelper.invokeMethod(MethodInvocationHelper.java:133)
at org.testng.internal.MethodInvocationHelper.invokeMethodConsideringTimeout(MethodInvocationHelper.java:62)
at org.testng.internal.ConfigInvoker.invokeConfigurationMethod(ConfigInvoker.java:385)
at org.testng.internal.ConfigInvoker.invokeConfigurations(ConfigInvoker.java:321)
at org.testng.internal.TestMethodWorker.invokeBeforeClassMethods(TestMethodWorker.java:176)
at org.testng.internal.TestMethodWorker.run(TestMethodWorker.java:122)
at java.base/java.util.ArrayList.forEach(ArrayList.java:1511)
at org.testng.TestRunner.privateRun(TestRunner.java:794)
at org.testng.TestRunner.run(TestRunner.java:596)
at org.testng.SuiteRunner.runTest(SuiteRunner.java:377)
at org.testng.SuiteRunner.access$000(SuiteRunner.java:28)
at org.testng.SuiteRunner$SuiteWorker.run(SuiteRunner.java:418)
at org.testng.internal.thread.ThreadUtil.lambda$execute$0(ThreadUtil.java:64)
at java.base/java.util.concurrent.FutureTask.run(FutureTask.java:264)
at java.base/java.util.concurrent.ThreadPoolExecutor.runWorker(ThreadPoolExecutor.java:1130)
at java.base/java.util.concurrent.ThreadPoolExecutor$Worker.run(ThreadPoolExecutor.java:630)
at java.base/java.lang.Thread.run(Thread.java:831)
]]>
            </full-stacktrace>
          </exception> <!-- java.lang.NullPointerException -->
          <reporter-output>
          </reporter-output>
        </test-method> <!-- BC -->
        <test-method is-config="true" signature="BM()[pri:0, instance:com.crm.sdet.campaign.CampaignTest@53ce1329]" started-at="2022-08-15T22:45:49 IST" name="BM" finished-at="1970-01-01T05:30:00 IST" duration-ms="-1660583749967" status="SKIP">
          <reporter-output>
          </reporter-output>
        </test-method> <!-- BM -->
        <test-method signature="createCampaign()[pri:0, instance:com.crm.sdet.campaign.CampaignTest@53ce1329]" started-at="2022-08-15T22:45:49 IST" name="createCampaign" finished-at="2022-08-15T22:45:49 IST" duration-ms="0" status="SKIP">
          <exception class="java.lang.NullPointerException">
            <message>
              <![CDATA[Cannot invoke "org.openqa.selenium.WebDriver.manage()" because "driver" is null]]>
            </message>
            <full-stacktrace>
              <![CDATA[java.lang.NullPointerException: Cannot invoke "org.openqa.selenium.WebDriver.manage()" because "driver" is null
at com.crm.Generic_Utility.WebDriverUtility.WaitForPageToLaod(WebDriverUtility.java:28)
at com.crm.Generic_Utility.BaseClass.BC(BaseClass.java:54)
at java.base/jdk.internal.reflect.NativeMethodAccessorImpl.invoke0(Native Method)
at java.base/jdk.internal.reflect.NativeMethodAccessorImpl.invoke(NativeMethodAccessorImpl.java:78)
at java.base/jdk.internal.reflect.DelegatingMethodAccessorImpl.invoke(DelegatingMethodAccessorImpl.java:43)
at java.base/java.lang.reflect.Method.invoke(Method.java:567)
at org.testng.internal.MethodInvocationHelper.invokeMethod(MethodInvocationHelper.java:133)
at org.testng.internal.MethodInvocationHelper.invokeMethodConsideringTimeout(MethodInvocationHelper.java:62)
at org.testng.internal.ConfigInvoker.invokeConfigurationMethod(ConfigInvoker.java:385)
at org.testng.internal.ConfigInvoker.invokeConfigurations(ConfigInvoker.java:321)
at org.testng.internal.TestMethodWorker.invokeBeforeClassMethods(TestMethodWorker.java:176)
at org.testng.internal.TestMethodWorker.run(TestMethodWorker.java:122)
at java.base/java.util.ArrayList.forEach(ArrayList.java:1511)
at org.testng.TestRunner.privateRun(TestRunner.java:794)
at org.testng.TestRunner.run(TestRunner.java:596)
at org.testng.SuiteRunner.runTest(SuiteRunner.java:377)
at org.testng.SuiteRunner.access$000(SuiteRunner.java:28)
at org.testng.SuiteRunner$SuiteWorker.run(SuiteRunner.java:418)
at org.testng.internal.thread.ThreadUtil.lambda$execute$0(ThreadUtil.java:64)
at java.base/java.util.concurrent.FutureTask.run(FutureTask.java:264)
at java.base/java.util.concurrent.ThreadPoolExecutor.runWorker(ThreadPoolExecutor.java:1130)
at java.base/java.util.concurrent.ThreadPoolExecutor$Worker.run(ThreadPoolExecutor.java:630)
at java.base/java.lang.Thread.run(Thread.java:831)
]]>
            </full-stacktrace>
          </exception> <!-- java.lang.NullPointerException -->
          <reporter-output>
          </reporter-output>
        </test-method> <!-- createCampaign -->
        <test-method is-config="true" signature="AM()[pri:0, instance:com.crm.sdet.campaign.CampaignTest@53ce1329]" started-at="2022-08-15T22:45:49 IST" name="AM" finished-at="1970-01-01T05:30:00 IST" duration-ms="-1660583749979" status="SKIP">
          <reporter-output>
          </reporter-output>
        </test-method> <!-- AM -->
        <test-method is-config="true" signature="AC()[pri:0, instance:com.crm.sdet.campaign.CampaignTest@53ce1329]" started-at="2022-08-15T22:45:49 IST" name="AC" finished-at="1970-01-01T05:30:00 IST" duration-ms="-1660583749986" status="SKIP">
          <reporter-output>
          </reporter-output>
        </test-method> <!-- AC -->
        <test-method is-config="true" signature="AT()[pri:0, instance:com.crm.sdet.campaign.CampaignTest@53ce1329]" started-at="2022-08-15T22:45:50 IST" name="AT" finished-at="2022-08-15T22:45:50 IST" duration-ms="1" status="PASS">
          <reporter-output>
          </reporter-output>
        </test-method> <!-- AT -->
        <test-method is-config="true" signature="AS()[pri:0, instance:com.crm.sdet.campaign.CampaignTest@53ce1329]" started-at="2022-08-15T22:46:21 IST" name="AS" finished-at="2022-08-15T22:46:21 IST" duration-ms="0" status="PASS">
          <reporter-output>
          </reporter-output>
        </test-method> <!-- AS -->
      </class> <!-- com.crm.sdet.campaign.CampaignTest -->
    </test> <!-- Test3 -->
    <test started-at="2022-08-15T22:45:49 IST" name="Test2" finished-at="2022-08-15T22:46:21 IST" duration-ms="31508">
      <class name="com.crm.sdet.product.ProductTest">
        <test-method is-config="true" signature="BT()[pri:0, instance:com.crm.sdet.product.ProductTest@3a44431a]" started-at="2022-08-15T22:45:49 IST" name="BT" finished-at="2022-08-15T22:45:49 IST" duration-ms="0" status="PASS">
          <reporter-output>
          </reporter-output>
        </test-method> <!-- BT -->
        <test-method is-config="true" signature="BC(java.lang.String)[pri:0, instance:com.crm.sdet.product.ProductTest@3a44431a]" started-at="2022-08-15T22:45:49 IST" name="BC" finished-at="2022-08-15T22:45:53 IST" duration-ms="3544" status="PASS">
          <params>
            <param index="0">
              <value>
                <![CDATA[edge]]>
              </value>
            </param>
          </params>
          <reporter-output>
          </reporter-output>
        </test-method> <!-- BC -->
        <test-method is-config="true" signature="BM()[pri:0, instance:com.crm.sdet.product.ProductTest@3a44431a]" started-at="2022-08-15T22:45:53 IST" name="BM" finished-at="2022-08-15T22:46:02 IST" duration-ms="9018" status="PASS">
          <reporter-output>
          </reporter-output>
        </test-method> <!-- BM -->
        <test-method signature="createProduct()[pri:0, instance:com.crm.sdet.product.ProductTest@3a44431a]" started-at="2022-08-15T22:46:02 IST" name="createProduct" finished-at="2022-08-15T22:46:21 IST" duration-ms="18916" status="PASS">
          <reporter-output>
          </reporter-output>
        </test-method> <!-- createProduct -->
        <test-method is-config="true" signature="AM()[pri:0, instance:com.crm.sdet.product.ProductTest@3a44431a]" started-at="2022-08-15T22:46:21 IST" name="AM" finished-at="2022-08-15T22:46:21 IST" duration-ms="1" status="PASS">
          <reporter-output>
          </reporter-output>
        </test-method> <!-- AM -->
        <test-method is-config="true" signature="AC()[pri:0, instance:com.crm.sdet.product.ProductTest@3a44431a]" started-at="2022-08-15T22:46:21 IST" name="AC" finished-at="2022-08-15T22:46:21 IST" duration-ms="0" status="PASS">
          <reporter-output>
          </reporter-output>
        </test-method> <!-- AC -->
        <test-method is-config="true" signature="AT()[pri:0, instance:com.crm.sdet.product.ProductTest@3a44431a]" started-at="2022-08-15T22:46:21 IST" name="AT" finished-at="2022-08-15T22:46:21 IST" duration-ms="1" status="PASS">
          <reporter-output>
          </reporter-output>
        </test-method> <!-- AT -->
      </class> <!-- com.crm.sdet.product.ProductTest -->
    </test> <!-- Test2 -->
    <test started-at="2022-08-15T22:45:49 IST" name="Test1" finished-at="2022-08-15T22:46:21 IST" duration-ms="32041">
      <class name="com.crm.sdet.organisation.CreateOrganisationTest">
        <test-method is-config="true" signature="BT()[pri:0, instance:com.crm.sdet.organisation.CreateOrganisationTest@56cdfb3b]" started-at="2022-08-15T22:45:49 IST" name="BT" finished-at="2022-08-15T22:45:49 IST" duration-ms="0" status="PASS">
          <reporter-output>
          </reporter-output>
        </test-method> <!-- BT -->
        <test-method is-config="true" signature="BC(java.lang.String)[pri:0, instance:com.crm.sdet.organisation.CreateOrganisationTest@56cdfb3b]" started-at="2022-08-15T22:45:49 IST" name="BC" finished-at="2022-08-15T22:45:53 IST" duration-ms="3387" status="PASS">
          <params>
            <param index="0">
              <value>
                <![CDATA[chrome]]>
              </value>
            </param>
          </params>
          <reporter-output>
          </reporter-output>
        </test-method> <!-- BC -->
        <test-method is-config="true" signature="BM()[pri:0, instance:com.crm.sdet.organisation.CreateOrganisationTest@56cdfb3b]" started-at="2022-08-15T22:45:53 IST" name="BM" finished-at="2022-08-15T22:46:01 IST" duration-ms="8566" status="PASS">
          <reporter-output>
          </reporter-output>
        </test-method> <!-- BM -->
        <test-method signature="createOrganisation()[pri:0, instance:com.crm.sdet.organisation.CreateOrganisationTest@56cdfb3b]" started-at="2022-08-15T22:46:01 IST" name="createOrganisation" finished-at="2022-08-15T22:46:21 IST" duration-ms="20054" status="PASS">
          <reporter-output>
          </reporter-output>
        </test-method> <!-- createOrganisation -->
        <test-method is-config="true" signature="AM()[pri:0, instance:com.crm.sdet.organisation.CreateOrganisationTest@56cdfb3b]" started-at="2022-08-15T22:46:21 IST" name="AM" finished-at="2022-08-15T22:46:21 IST" duration-ms="1" status="PASS">
          <reporter-output>
          </reporter-output>
        </test-method> <!-- AM -->
        <test-method is-config="true" signature="AC()[pri:0, instance:com.crm.sdet.organisation.CreateOrganisationTest@56cdfb3b]" started-at="2022-08-15T22:46:21 IST" name="AC" finished-at="2022-08-15T22:46:21 IST" duration-ms="1" status="PASS">
          <reporter-output>
          </reporter-output>
        </test-method> <!-- AC -->
        <test-method is-config="true" signature="AT()[pri:0, instance:com.crm.sdet.organisation.CreateOrganisationTest@56cdfb3b]" started-at="2022-08-15T22:46:21 IST" name="AT" finished-at="2022-08-15T22:46:21 IST" duration-ms="2" status="PASS">
          <reporter-output>
          </reporter-output>
        </test-method> <!-- AT -->
      </class> <!-- com.crm.sdet.organisation.CreateOrganisationTest -->
    </test> <!-- Test1 -->
  </suite> <!-- Suite -->
</testng-results>
